
state 0
	$accept: .syscall $end 

	INT  shift 2
	.  error

	syscall  goto 1

state 1
	$accept:  syscall.$end 

	$end  accept
	.  error


state 2
	syscall:  INT.IDENTIFIER LPAREN types RPAREN EQUALS INT 
	syscall:  INT.IDENTIFIER LPAREN types RPAREN EQUALS UINT 
	syscall:  INT.IDENTIFIER LPAREN types RPAREN EQUALS INT FLAG LPAREN identifiers RPAREN 
	syscall:  INT.IDENTIFIER LPAREN types RPAREN EQUALS UINT FLAG LPAREN identifiers RPAREN 
	syscall:  INT.IDENTIFIER LPAREN types RPAREN EQUALS INT LPAREN flag_type RPAREN 
	syscall:  INT.IDENTIFIER LPAREN types RPAREN EQUALS UINT LPAREN flag_type RPAREN 

	IDENTIFIER  shift 3
	.  error


state 3
	syscall:  INT IDENTIFIER.LPAREN types RPAREN EQUALS INT 
	syscall:  INT IDENTIFIER.LPAREN types RPAREN EQUALS UINT 
	syscall:  INT IDENTIFIER.LPAREN types RPAREN EQUALS INT FLAG LPAREN identifiers RPAREN 
	syscall:  INT IDENTIFIER.LPAREN types RPAREN EQUALS UINT FLAG LPAREN identifiers RPAREN 
	syscall:  INT IDENTIFIER.LPAREN types RPAREN EQUALS INT LPAREN flag_type RPAREN 
	syscall:  INT IDENTIFIER.LPAREN types RPAREN EQUALS UINT LPAREN flag_type RPAREN 

	LPAREN  shift 4
	.  error


state 4
	syscall:  INT IDENTIFIER LPAREN.types RPAREN EQUALS INT 
	syscall:  INT IDENTIFIER LPAREN.types RPAREN EQUALS UINT 
	syscall:  INT IDENTIFIER LPAREN.types RPAREN EQUALS INT FLAG LPAREN identifiers RPAREN 
	syscall:  INT IDENTIFIER LPAREN.types RPAREN EQUALS UINT FLAG LPAREN identifiers RPAREN 
	syscall:  INT IDENTIFIER LPAREN.types RPAREN EQUALS INT LPAREN flag_type RPAREN 
	syscall:  INT IDENTIFIER LPAREN.types RPAREN EQUALS UINT LPAREN flag_type RPAREN 

	STRING_LITERAL  shift 15
	IDENTIFIER  shift 23
	FLAG  shift 22
	DATETIME  shift 16
	INT  shift 17
	UINT  shift 18
	AND  shift 19
	LBRACKET  shift 21
	LBRACKET_SQUARE  shift 20
	.  error

	int_type  goto 8
	buf_type  goto 7
	struct_type  goto 11
	array_type  goto 10
	flag_type  goto 12
	binop  goto 24
	rel_expr_type  goto 14
	call_type  goto 13
	type  goto 6
	pointer_type  goto 9
	types  goto 5

state 5
	syscall:  INT IDENTIFIER LPAREN types.RPAREN EQUALS INT 
	syscall:  INT IDENTIFIER LPAREN types.RPAREN EQUALS UINT 
	syscall:  INT IDENTIFIER LPAREN types.RPAREN EQUALS INT FLAG LPAREN identifiers RPAREN 
	syscall:  INT IDENTIFIER LPAREN types.RPAREN EQUALS UINT FLAG LPAREN identifiers RPAREN 
	syscall:  INT IDENTIFIER LPAREN types.RPAREN EQUALS INT LPAREN flag_type RPAREN 
	syscall:  INT IDENTIFIER LPAREN types.RPAREN EQUALS UINT LPAREN flag_type RPAREN 

	RPAREN  shift 25
	.  error


state 6
	types:  type.    (7)
	types:  type.COMMA types 

	COMMA  shift 26
	.  reduce 7 (src line 82)


state 7
	type:  buf_type.    (9)

	.  reduce 9 (src line 86)


state 8
	type:  int_type.    (10)
	binop:  int_type.OR int_type 
	binop:  int_type.OR flag_type 

	OR  shift 27
	.  reduce 10 (src line 88)


state 9
	type:  pointer_type.    (11)

	.  reduce 11 (src line 89)


state 10
	type:  array_type.    (12)

	.  reduce 12 (src line 90)


state 11
	type:  struct_type.    (13)

	.  reduce 13 (src line 91)


state 12
	type:  flag_type.    (14)
	binop:  flag_type.OR flag_type 
	binop:  flag_type.OR int_type 

	OR  shift 28
	.  reduce 14 (src line 92)


state 13
	type:  call_type.    (15)

	.  reduce 15 (src line 93)


state 14
	type:  rel_expr_type.    (16)

	.  reduce 16 (src line 94)


state 15
	buf_type:  STRING_LITERAL.    (24)

	.  reduce 24 (src line 115)


state 16
	buf_type:  DATETIME.    (25)

	.  reduce 25 (src line 117)


state 17
	int_type:  INT.    (33)

	.  reduce 33 (src line 130)


state 18
	int_type:  UINT.    (34)

	.  reduce 34 (src line 132)


state 19
	pointer_type:  AND.UINT EQUALS type 

	UINT  shift 29
	.  error


state 20
	array_type:  LBRACKET_SQUARE.types RBRACKET_SQUARE 

	STRING_LITERAL  shift 15
	IDENTIFIER  shift 23
	FLAG  shift 22
	DATETIME  shift 16
	INT  shift 17
	UINT  shift 18
	AND  shift 19
	LBRACKET  shift 21
	LBRACKET_SQUARE  shift 20
	.  error

	int_type  goto 8
	buf_type  goto 7
	struct_type  goto 11
	array_type  goto 10
	flag_type  goto 12
	binop  goto 24
	rel_expr_type  goto 14
	call_type  goto 13
	type  goto 6
	pointer_type  goto 9
	types  goto 30

state 21
	struct_type:  LBRACKET.fields RBRACKET 

	IDENTIFIER  shift 33
	.  error

	field  goto 32
	fields  goto 31

state 22
	flag_type:  FLAG.    (35)

	.  reduce 35 (src line 134)


state 23
	call_type:  IDENTIFIER.LPAREN types RPAREN 

	LPAREN  shift 34
	.  error


state 24
	rel_expr_type:  binop.    (26)
	binop:  binop.OR flag_type 
	binop:  binop.OR int_type 

	OR  shift 35
	.  reduce 26 (src line 119)


state 25
	syscall:  INT IDENTIFIER LPAREN types RPAREN.EQUALS INT 
	syscall:  INT IDENTIFIER LPAREN types RPAREN.EQUALS UINT 
	syscall:  INT IDENTIFIER LPAREN types RPAREN.EQUALS INT FLAG LPAREN identifiers RPAREN 
	syscall:  INT IDENTIFIER LPAREN types RPAREN.EQUALS UINT FLAG LPAREN identifiers RPAREN 
	syscall:  INT IDENTIFIER LPAREN types RPAREN.EQUALS INT LPAREN flag_type RPAREN 
	syscall:  INT IDENTIFIER LPAREN types RPAREN.EQUALS UINT LPAREN flag_type RPAREN 

	EQUALS  shift 36
	.  error


state 26
	types:  type COMMA.types 

	STRING_LITERAL  shift 15
	IDENTIFIER  shift 23
	FLAG  shift 22
	DATETIME  shift 16
	INT  shift 17
	UINT  shift 18
	AND  shift 19
	LBRACKET  shift 21
	LBRACKET_SQUARE  shift 20
	.  error

	int_type  goto 8
	buf_type  goto 7
	struct_type  goto 11
	array_type  goto 10
	flag_type  goto 12
	binop  goto 24
	rel_expr_type  goto 14
	call_type  goto 13
	type  goto 6
	pointer_type  goto 9
	types  goto 37

state 27
	binop:  int_type OR.int_type 
	binop:  int_type OR.flag_type 

	FLAG  shift 22
	INT  shift 17
	UINT  shift 18
	.  error

	int_type  goto 38
	flag_type  goto 39

state 28
	binop:  flag_type OR.flag_type 
	binop:  flag_type OR.int_type 

	FLAG  shift 22
	INT  shift 17
	UINT  shift 18
	.  error

	int_type  goto 41
	flag_type  goto 40

state 29
	pointer_type:  AND UINT.EQUALS type 

	EQUALS  shift 42
	.  error


state 30
	array_type:  LBRACKET_SQUARE types.RBRACKET_SQUARE 

	RBRACKET_SQUARE  shift 43
	.  error


state 31
	struct_type:  LBRACKET fields.RBRACKET 

	RBRACKET  shift 44
	.  error


state 32
	fields:  field.    (21)
	fields:  field.COMMA fields 

	COMMA  shift 45
	.  reduce 21 (src line 108)


state 33
	field:  IDENTIFIER.EQUALS type 

	EQUALS  shift 46
	.  error


state 34
	call_type:  IDENTIFIER LPAREN.types RPAREN 

	STRING_LITERAL  shift 15
	IDENTIFIER  shift 23
	FLAG  shift 22
	DATETIME  shift 16
	INT  shift 17
	UINT  shift 18
	AND  shift 19
	LBRACKET  shift 21
	LBRACKET_SQUARE  shift 20
	.  error

	int_type  goto 8
	buf_type  goto 7
	struct_type  goto 11
	array_type  goto 10
	flag_type  goto 12
	binop  goto 24
	rel_expr_type  goto 14
	call_type  goto 13
	type  goto 6
	pointer_type  goto 9
	types  goto 47

state 35
	binop:  binop OR.flag_type 
	binop:  binop OR.int_type 

	FLAG  shift 22
	INT  shift 17
	UINT  shift 18
	.  error

	int_type  goto 49
	flag_type  goto 48

state 36
	syscall:  INT IDENTIFIER LPAREN types RPAREN EQUALS.INT 
	syscall:  INT IDENTIFIER LPAREN types RPAREN EQUALS.UINT 
	syscall:  INT IDENTIFIER LPAREN types RPAREN EQUALS.INT FLAG LPAREN identifiers RPAREN 
	syscall:  INT IDENTIFIER LPAREN types RPAREN EQUALS.UINT FLAG LPAREN identifiers RPAREN 
	syscall:  INT IDENTIFIER LPAREN types RPAREN EQUALS.INT LPAREN flag_type RPAREN 
	syscall:  INT IDENTIFIER LPAREN types RPAREN EQUALS.UINT LPAREN flag_type RPAREN 

	INT  shift 50
	UINT  shift 51
	.  error


state 37
	types:  type COMMA types.    (8)

	.  reduce 8 (src line 84)


state 38
	binop:  int_type OR int_type.    (29)

	.  reduce 29 (src line 125)


state 39
	binop:  int_type OR flag_type.    (32)

	.  reduce 32 (src line 128)


state 40
	binop:  flag_type OR flag_type.    (30)

	.  reduce 30 (src line 126)


state 41
	binop:  flag_type OR int_type.    (31)

	.  reduce 31 (src line 127)


state 42
	pointer_type:  AND UINT EQUALS.type 

	STRING_LITERAL  shift 15
	IDENTIFIER  shift 23
	FLAG  shift 22
	DATETIME  shift 16
	INT  shift 17
	UINT  shift 18
	AND  shift 19
	LBRACKET  shift 21
	LBRACKET_SQUARE  shift 20
	.  error

	int_type  goto 8
	buf_type  goto 7
	struct_type  goto 11
	array_type  goto 10
	flag_type  goto 12
	binop  goto 24
	rel_expr_type  goto 14
	call_type  goto 13
	type  goto 52
	pointer_type  goto 9

state 43
	array_type:  LBRACKET_SQUARE types RBRACKET_SQUARE.    (19)

	.  reduce 19 (src line 102)


state 44
	struct_type:  LBRACKET fields RBRACKET.    (20)

	.  reduce 20 (src line 105)


state 45
	fields:  field COMMA.fields 

	IDENTIFIER  shift 33
	.  error

	field  goto 32
	fields  goto 53

state 46
	field:  IDENTIFIER EQUALS.type 

	STRING_LITERAL  shift 15
	IDENTIFIER  shift 23
	FLAG  shift 22
	DATETIME  shift 16
	INT  shift 17
	UINT  shift 18
	AND  shift 19
	LBRACKET  shift 21
	LBRACKET_SQUARE  shift 20
	.  error

	int_type  goto 8
	buf_type  goto 7
	struct_type  goto 11
	array_type  goto 10
	flag_type  goto 12
	binop  goto 24
	rel_expr_type  goto 14
	call_type  goto 13
	type  goto 54
	pointer_type  goto 9

state 47
	call_type:  IDENTIFIER LPAREN types.RPAREN 

	RPAREN  shift 55
	.  error


state 48
	binop:  binop OR flag_type.    (27)

	.  reduce 27 (src line 122)


state 49
	binop:  binop OR int_type.    (28)

	.  reduce 28 (src line 124)


state 50
	syscall:  INT IDENTIFIER LPAREN types RPAREN EQUALS INT.    (1)
	syscall:  INT IDENTIFIER LPAREN types RPAREN EQUALS INT.FLAG LPAREN identifiers RPAREN 
	syscall:  INT IDENTIFIER LPAREN types RPAREN EQUALS INT.LPAREN flag_type RPAREN 

	FLAG  shift 56
	LPAREN  shift 57
	.  reduce 1 (src line 60)


state 51
	syscall:  INT IDENTIFIER LPAREN types RPAREN EQUALS UINT.    (2)
	syscall:  INT IDENTIFIER LPAREN types RPAREN EQUALS UINT.FLAG LPAREN identifiers RPAREN 
	syscall:  INT IDENTIFIER LPAREN types RPAREN EQUALS UINT.LPAREN flag_type RPAREN 

	FLAG  shift 58
	LPAREN  shift 59
	.  reduce 2 (src line 64)


state 52
	pointer_type:  AND UINT EQUALS type.    (18)

	.  reduce 18 (src line 99)


state 53
	fields:  field COMMA fields.    (22)

	.  reduce 22 (src line 110)


state 54
	field:  IDENTIFIER EQUALS type.    (23)

	.  reduce 23 (src line 112)


state 55
	call_type:  IDENTIFIER LPAREN types RPAREN.    (17)

	.  reduce 17 (src line 96)


state 56
	syscall:  INT IDENTIFIER LPAREN types RPAREN EQUALS INT FLAG.LPAREN identifiers RPAREN 

	LPAREN  shift 60
	.  error


state 57
	syscall:  INT IDENTIFIER LPAREN types RPAREN EQUALS INT LPAREN.flag_type RPAREN 

	FLAG  shift 22
	.  error

	flag_type  goto 61

state 58
	syscall:  INT IDENTIFIER LPAREN types RPAREN EQUALS UINT FLAG.LPAREN identifiers RPAREN 

	LPAREN  shift 62
	.  error


state 59
	syscall:  INT IDENTIFIER LPAREN types RPAREN EQUALS UINT LPAREN.flag_type RPAREN 

	FLAG  shift 22
	.  error

	flag_type  goto 63

state 60
	syscall:  INT IDENTIFIER LPAREN types RPAREN EQUALS INT FLAG LPAREN.identifiers RPAREN 

	IDENTIFIER  shift 65
	.  error

	identifiers  goto 64

state 61
	syscall:  INT IDENTIFIER LPAREN types RPAREN EQUALS INT LPAREN flag_type.RPAREN 

	RPAREN  shift 66
	.  error


state 62
	syscall:  INT IDENTIFIER LPAREN types RPAREN EQUALS UINT FLAG LPAREN.identifiers RPAREN 

	IDENTIFIER  shift 65
	.  error

	identifiers  goto 67

state 63
	syscall:  INT IDENTIFIER LPAREN types RPAREN EQUALS UINT LPAREN flag_type.RPAREN 

	RPAREN  shift 68
	.  error


state 64
	syscall:  INT IDENTIFIER LPAREN types RPAREN EQUALS INT FLAG LPAREN identifiers.RPAREN 

	RPAREN  shift 69
	.  error


state 65
	identifiers:  IDENTIFIER.    (36)
	identifiers:  IDENTIFIER.identifiers 

	IDENTIFIER  shift 65
	.  reduce 36 (src line 137)

	identifiers  goto 70

state 66
	syscall:  INT IDENTIFIER LPAREN types RPAREN EQUALS INT LPAREN flag_type RPAREN.    (5)

	.  reduce 5 (src line 73)


state 67
	syscall:  INT IDENTIFIER LPAREN types RPAREN EQUALS UINT FLAG LPAREN identifiers.RPAREN 

	RPAREN  shift 71
	.  error


state 68
	syscall:  INT IDENTIFIER LPAREN types RPAREN EQUALS UINT LPAREN flag_type RPAREN.    (6)

	.  reduce 6 (src line 76)


state 69
	syscall:  INT IDENTIFIER LPAREN types RPAREN EQUALS INT FLAG LPAREN identifiers RPAREN.    (3)

	.  reduce 3 (src line 67)


state 70
	identifiers:  IDENTIFIER identifiers.    (37)

	.  reduce 37 (src line 139)


state 71
	syscall:  INT IDENTIFIER LPAREN types RPAREN EQUALS UINT FLAG LPAREN identifiers RPAREN.    (4)

	.  reduce 4 (src line 70)


26 terminals, 16 nonterminals
38 grammar rules, 72/8000 states
0 shift/reduce, 0 reduce/reduce conflicts reported
65 working sets used
memory: parser 79/120000
40 extra closures
99 shift entries, 1 exceptions
31 goto entries
49 entries saved by goto default
Optimizer space used: output 75/120000
75 table entries, 0 zero
maximum spread: 25, maximum offset: 65
